<?xml version="1.0" encoding="UTF-8"?>
<beans xmlns="http://www.springframework.org/schema/beans"
    xmlns:xsi="http://www.w3.org/2001/XMLSchema-instance"
    xmlns:mvc="http://www.springframework.org/schema/mvc"
    xmlns:tx="http://www.springframework.org/schema/tx"
    xmlns:context="http://www.springframework.org/schema/context"
    xsi:schemaLocation="
        http://www.springframework.org/schema/mvc http://www.springframework.org/schema/mvc/spring-mvc-3.0.xsd
        http://www.springframework.org/schema/beans http://www.springframework.org/schema/beans/spring-beans-3.0.xsd
        http://www.springframework.org/schema/tx http://www.springframework.org/schema/tx/spring-tx.xsd
        http://www.springframework.org/schema/context http://www.springframework.org/schema/context/spring-context-3.0.xsd">

 	<bean id="placeHolder" class="org.springframework.beans.factory.config.PropertyPlaceholderConfigurer">
		<property name="locations">
			<list>
				<value>classpath:**/ldap.test.properties</value>
				<value>classpath:**/svn.test.properties</value>
				<value>classpath:**/lucene.test.properties</value>
			</list>
		</property>
 	</bean>
 
    <!-- Scans within the base package of the application for @Components to configure as beans -->
    <!-- @Controller, @Service, @Configuration, etc. -->
    <!-- context:component-scan base-package="$package" /-->
    <context:component-scan base-package="fr.free.naoj.svnlab">
    	<context:exclude-filter type="regex" expression="fr.*AppConfig"/>
    </context:component-scan>
    <context:annotation-config />
 	
 	<bean id="testSearchEngine" class="fr.free.naoj.svnlab.service.impl.SearchEngineImpl">
 		<constructor-arg ref="directory" />
 	</bean>
 	
 	<bean id="directory" class="java.lang.String">
 		<constructor-arg value="${lucene.directoryIndex}" />
 	</bean>
</beans>
